<?xml version="1.0" encoding="UTF-8"?>
<!-- Generated by org.testng.reporters.JUnitReportReporter -->
<testsuite hostname="Saurabhs-MacBook-Pro.local" failures="0" tests="1" name="testcases.TestHomepage" time="5.648" errors="0" timestamp="2022-07-21T09:48:45 IST" skipped="0">
  <testcase classname="testcases.TestHomepage" name="verifyHomepageText" time="5.648"/>
  <system-out/>
</testsuite> <!-- testcases.TestHomepage -->
